0 info it worked if it ends with ok
1 verbose cli [ 'C:\\Program Files\\nodejs\\\\node.exe',
1 verbose cli   'C:\\Program Files\\nodejs\\node_modules\\npm\\bin\\npm-cli.js',
1 verbose cli   'run',
1 verbose cli   'dev' ]
2 info using npm@2.5.1
3 info using node@v0.12.0
4 verbose node symlink C:\Program Files\nodejs\\node.exe
5 verbose run-script [ 'predev', 'dev', 'postdev' ]
6 info predev isomorphic-js-talk@0.0.1
7 info dev isomorphic-js-talk@0.0.1
8 verbose unsafe-perm in lifecycle true
9 info isomorphic-js-talk@0.0.1 Failed to exec dev script
10 verbose stack Error: isomorphic-js-talk@0.0.1 dev: `grunt`
10 verbose stack Exit status 3
10 verbose stack     at EventEmitter.<anonymous> (C:\Program Files\nodejs\node_modules\npm\lib\utils\lifecycle.js:213:16)
10 verbose stack     at EventEmitter.emit (events.js:110:17)
10 verbose stack     at ChildProcess.<anonymous> (C:\Program Files\nodejs\node_modules\npm\lib\utils\spawn.js:14:12)
10 verbose stack     at ChildProcess.emit (events.js:110:17)
10 verbose stack     at maybeClose (child_process.js:1008:16)
10 verbose stack     at Process.ChildProcess._handle.onexit (child_process.js:1080:5)
11 verbose pkgid isomorphic-js-talk@0.0.1
12 verbose cwd C:\Users\Andrei\Documents\Projects\isomorphic\isomorphic-JS-talk
13 error Windows_NT 6.2.9200
14 error argv "C:\\Program Files\\nodejs\\\\node.exe" "C:\\Program Files\\nodejs\\node_modules\\npm\\bin\\npm-cli.js" "run" "dev"
15 error node v0.12.0
16 error npm  v2.5.1
17 error code ELIFECYCLE
18 error isomorphic-js-talk@0.0.1 dev: `grunt`
18 error Exit status 3
19 error Failed at the isomorphic-js-talk@0.0.1 dev script 'grunt'.
19 error This is most likely a problem with the isomorphic-js-talk package,
19 error not with npm itself.
19 error Tell the author that this fails on your system:
19 error     grunt
19 error You can get their info via:
19 error     npm owner ls isomorphic-js-talk
19 error There is likely additional logging output above.
20 verbose exit [ 1, true ]
